<?xml version="1.0" encoding="UTF-8"?>
<!-- Generated by org.testng.reporters.JUnitReportReporter -->
<testsuite hostname="INadavanache01" failures="0" tests="2" name="FirstTestNG.FBTest" time="27.830" errors="0" timestamp="2021-05-26T19:26:59 IST" skipped="0">
  <testcase classname="FirstTestNG.FBTest" name="TestFireFox" time="20.301"/>
  <system-out/>
  <testcase classname="FirstTestNG.FBTest" name="TestFireFox" time="7.529"/>
  <system-out/>
</testsuite> <!-- FirstTestNG.FBTest -->
