<?xml version="1.0" encoding="UTF-8"?>
<!-- Generated by org.testng.reporters.JUnitReportReporter -->
<testsuite hostname="INadavanache01" failures="0" tests="2" name="FBlogin.FBLogin" time="20.985" errors="0" timestamp="2021-05-17T12:01:30 IST" skipped="0">
  <testcase classname="FBlogin.FBLogin" name="TestFireFox" time="10.243"/>
  <system-out/>
  <testcase classname="FBlogin.FBLogin" name="TestFireFox" time="10.742"/>
  <system-out/>
</testsuite> <!-- FBlogin.FBLogin -->
