<?xml version="1.0" encoding="UTF-8"?>
<!-- Generated by org.testng.reporters.JUnitReportReporter -->
<testsuite hostname="INadavanache01" failures="0" tests="3" name="ParallelExecution.ParallelExecution" time="32.209" errors="0" timestamp="2021-05-13T15:06:51 IST" skipped="0">
  <testcase classname="ParallelExecution.ParallelExecution" name="amazonsession" time="14.190"/>
  <system-out/>
  <testcase classname="ParallelExecution.ParallelExecution" name="executSessionOne" time="9.262"/>
  <system-out/>
  <testcase classname="ParallelExecution.ParallelExecution" name="executSessionThree" time="8.757"/>
  <system-out/>
</testsuite> <!-- ParallelExecution.ParallelExecution -->
