<?xml version="1.0" encoding="UTF-8"?>
<!-- Generated by org.testng.reporters.JUnitReportReporter -->
<testsuite hostname="INadavanache01" failures="0" tests="3" name="Run10outof100TC.TenoutofHundredExample2" time="0.003" errors="0" timestamp="2021-05-10T18:56:51 IST" skipped="0">
  <testcase classname="Run10outof100TC.TenoutofHundredExample2" name="test13" time="0.001"/>
  <system-out/>
  <testcase classname="Run10outof100TC.TenoutofHundredExample2" name="test10" time="0.001"/>
  <system-out/>
  <testcase classname="Run10outof100TC.TenoutofHundredExample2" name="test16" time="0.001"/>
  <system-out/>
</testsuite> <!-- Run10outof100TC.TenoutofHundredExample2 -->
