<?xml version="1.0" encoding="UTF-8"?>
<!-- Generated by org.testng.reporters.JUnitReportReporter -->
<testsuite hostname="INadavanache01" failures="0" tests="1" name="SmokeTesting.testcase2" time="0.001" errors="0" timestamp="2021-05-10T18:48:32 IST" skipped="0">
  <testcase classname="SmokeTesting.testcase2" name="test2" time="0.001"/>
  <system-out/>
</testsuite> <!-- SmokeTesting.testcase2 -->
