<?xml version="1.0" encoding="UTF-8"?>
<!-- Generated by org.testng.reporters.JUnitReportReporter -->
<testsuite hostname="INadavanache01" failures="0" tests="7" name="Run10outof100TC.tenOutofHundred" time="0.010" errors="0" timestamp="2021-05-12T14:44:10 IST" skipped="0">
  <testcase classname="Run10outof100TC.tenOutofHundred" name="test1" time="0.005"/>
  <system-out/>
  <testcase classname="Run10outof100TC.tenOutofHundred" name="test3" time="0.001"/>
  <system-out/>
  <testcase classname="Run10outof100TC.tenOutofHundred" name="test6" time="0.001"/>
  <system-out/>
  <testcase classname="Run10outof100TC.tenOutofHundred" name="test2" time="0.001"/>
  <system-out/>
  <testcase classname="Run10outof100TC.tenOutofHundred" name="test5" time="0.001"/>
  <system-out/>
  <testcase classname="Run10outof100TC.tenOutofHundred" name="test7" time="0.000"/>
  <system-out/>
  <testcase classname="Run10outof100TC.tenOutofHundred" name="test4" time="0.001"/>
  <system-out/>
</testsuite> <!-- Run10outof100TC.tenOutofHundred -->
